[18:00:15] [Server thread/INFO]: Starting minecraft server version 1.15.2
[18:00:15] [Server thread/INFO]: Loading properties
[18:00:15] [Server console handler/ERROR]: [TerminalConsole] Failed to read console input
java.io.IOException: The handle is invalid
	at java.io.FileInputStream.readBytes(Native Method) ~[?:?]
	at java.io.FileInputStream.read(FileInputStream.java:279) ~[?:?]
	at java.io.BufferedInputStream.read1(BufferedInputStream.java:290) ~[?:?]
	at java.io.BufferedInputStream.read(BufferedInputStream.java:351) ~[?:?]
	at sun.nio.cs.StreamDecoder.readBytes(StreamDecoder.java:284) ~[?:?]
	at sun.nio.cs.StreamDecoder.implRead(StreamDecoder.java:326) ~[?:?]
	at sun.nio.cs.StreamDecoder.read(StreamDecoder.java:178) ~[?:?]
	at java.io.InputStreamReader.read(InputStreamReader.java:185) ~[?:?]
	at java.io.BufferedReader.fill(BufferedReader.java:161) ~[?:?]
	at java.io.BufferedReader.readLine(BufferedReader.java:326) ~[?:?]
	at java.io.BufferedReader.readLine(BufferedReader.java:392) ~[?:?]
	at net.minecrell.terminalconsole.SimpleTerminalConsole.readCommands(SimpleTerminalConsole.java:180) ~[patched_1.15.2.jar:git-Paper-185]
	at net.minecrell.terminalconsole.SimpleTerminalConsole.start(SimpleTerminalConsole.java:143) ~[patched_1.15.2.jar:git-Paper-185]
	at net.minecraft.server.v1_15_R1.DedicatedServer$2.run(DedicatedServer.java:90) ~[patched_1.15.2.jar:git-Paper-185]
	Suppressed: java.io.IOException: The handle is invalid
		at java.io.FileDescriptor.close0(Native Method) ~[?:?]
		at java.io.FileDescriptor.close(FileDescriptor.java:297) ~[?:?]
		at java.io.FileInputStream$1.close(FileInputStream.java:375) ~[?:?]
		at java.io.FileDescriptor.closeAll(FileDescriptor.java:355) ~[?:?]
		at java.io.FileInputStream.close(FileInputStream.java:373) ~[?:?]
		at java.io.BufferedInputStream.close(BufferedInputStream.java:489) ~[?:?]
		at sun.nio.cs.StreamDecoder.implClose(StreamDecoder.java:378) ~[?:?]
		at sun.nio.cs.StreamDecoder.close(StreamDecoder.java:193) ~[?:?]
		at java.io.InputStreamReader.close(InputStreamReader.java:200) ~[?:?]
		at java.io.BufferedReader.close(BufferedReader.java:528) ~[?:?]
		at net.minecrell.terminalconsole.SimpleTerminalConsole.readCommands(SimpleTerminalConsole.java:183) ~[patched_1.15.2.jar:git-Paper-185]
		at net.minecrell.terminalconsole.SimpleTerminalConsole.start(SimpleTerminalConsole.java:143) ~[patched_1.15.2.jar:git-Paper-185]
		at net.minecraft.server.v1_15_R1.DedicatedServer$2.run(DedicatedServer.java:90) ~[patched_1.15.2.jar:git-Paper-185]
[18:00:15] [Server thread/INFO]: This server is running Paper version git-Paper-185 (MC: 1.15.2) (Implementing API version 1.15.2-R0.1-SNAPSHOT)
[18:00:15] [Server thread/INFO]: Debug logging is disabled
[18:00:15] [Server thread/INFO]: Server Ping Player Sample Count: 12
[18:00:15] [Server thread/INFO]: Using 4 threads for Netty based IO
[18:00:16] [Server thread/WARN]: You specified a resource pack without providing a sha1 hash. Pack will be updated on the client only if you change the name of the pack.
[18:00:16] [Server thread/INFO]: Default game type: SURVIVAL
[18:00:16] [Server thread/INFO]: Generating keypair
[18:00:16] [Server thread/INFO]: Starting Minecraft server on *:25565
[18:00:16] [Server thread/INFO]: Using default channel type
[18:00:19] [Server thread/INFO]: [AdvancedPortals] Loading AdvancedPortals v0.5.2
[18:00:19] [Server thread/INFO]: Server permissions file permissions.yml is empty, ignoring it
[18:00:19] [Server thread/WARN]: **** SERVER IS RUNNING IN OFFLINE/INSECURE MODE!
[18:00:19] [Server thread/WARN]: The server will make no attempt to authenticate usernames. Beware.
[18:00:19] [Server thread/WARN]: Whilst this makes it possible to use BungeeCord, unless access to your server is properly restricted, it also opens up the ability for hackers to connect with any username they choose.
[18:00:19] [Server thread/WARN]: Please see http://www.spigotmc.org/wiki/firewall-guide/ for further information.
[18:00:19] [Server thread/WARN]: To change this, set "online-mode" to "true" in the server.properties file.
[18:00:19] [Server thread/INFO]: Preparing level "world"
[18:00:19] [Server thread/INFO]: Reloading ResourceManager: Default, bukkit
[18:00:25] [Server thread/INFO]: Loaded 6 recipes
[18:00:26] [Server thread/INFO]: -------- World Settings For [world] --------
[18:00:26] [Server thread/INFO]: View Distance: 10
[18:00:26] [Server thread/INFO]: Arrow Despawn Rate: 1200 Trident Respawn Rate:1200
[18:00:26] [Server thread/INFO]: Allow Zombie Pigmen to spawn from portal blocks: true
[18:00:26] [Server thread/INFO]: Item Merge Radius: 2.5
[18:00:26] [Server thread/INFO]: Item Despawn Rate: 6000
[18:00:26] [Server thread/INFO]: Mob Spawn Range: 8
[18:00:26] [Server thread/INFO]: Experience Merge Radius: 3.0
[18:00:26] [Server thread/INFO]: Cactus Growth Modifier: 100%
[18:00:26] [Server thread/INFO]: Cane Growth Modifier: 100%
[18:00:26] [Server thread/INFO]: Melon Growth Modifier: 100%
[18:00:26] [Server thread/INFO]: Mushroom Growth Modifier: 100%
[18:00:26] [Server thread/INFO]: Pumpkin Growth Modifier: 100%
[18:00:26] [Server thread/INFO]: Sapling Growth Modifier: 100%
[18:00:26] [Server thread/INFO]: Beetroot Growth Modifier: 100%
[18:00:26] [Server thread/INFO]: Carrot Growth Modifier: 100%
[18:00:26] [Server thread/INFO]: Potato Growth Modifier: 100%
[18:00:26] [Server thread/INFO]: Wheat Growth Modifier: 100%
[18:00:26] [Server thread/INFO]: NetherWart Growth Modifier: 100%
[18:00:26] [Server thread/INFO]: Vine Growth Modifier: 100%
[18:00:26] [Server thread/INFO]: Cocoa Growth Modifier: 100%
[18:00:26] [Server thread/INFO]: Bamboo Growth Modifier: 100%
[18:00:26] [Server thread/INFO]: SweetBerry Growth Modifier: 100%
[18:00:26] [Server thread/INFO]: Kelp Growth Modifier: 100%
[18:00:26] [Server thread/INFO]: Entity Tracking Range: Pl 48 / An 48 / Mo 48 / Mi 32 / Other 64
[18:00:26] [Server thread/INFO]: Entity Activation Range: An 32 / Mo 32 / Ra 48 / Mi 16 / Tiv true
[18:00:26] [Server thread/INFO]: Zombie Aggressive Towards Villager: true
[18:00:26] [Server thread/INFO]: Nerfing mobs spawned from spawners: false
[18:00:26] [Server thread/INFO]: Max TNT Explosions: 100
[18:00:26] [Server thread/INFO]: Tile Max Tick Time: 50ms Entity max Tick Time: 50ms
[18:00:26] [Server thread/INFO]: Custom Map Seeds:  Village: 10387312 Desert: 14357617 Igloo: 14357618 Jungle: 14357619 Swamp: 14357620 Monument: 10387313 Ocean: 14357621 Shipwreck: 165745295 End City: 10387313 Slime: 987234911
[18:00:26] [Server thread/INFO]: Hopper Transfer: 8 Hopper Check: 1 Hopper Amount: 1
[18:00:26] [Server thread/INFO]: -------- World Settings For [world_nether] --------
[18:00:26] [Server thread/INFO]: View Distance: 10
[18:00:26] [Server thread/INFO]: Arrow Despawn Rate: 1200 Trident Respawn Rate:1200
[18:00:26] [Server thread/INFO]: Allow Zombie Pigmen to spawn from portal blocks: true
[18:00:26] [Server thread/INFO]: Item Merge Radius: 2.5
[18:00:26] [Server thread/INFO]: Item Despawn Rate: 6000
[18:00:26] [Server thread/INFO]: Mob Spawn Range: 8
[18:00:26] [Server thread/INFO]: Experience Merge Radius: 3.0
[18:00:26] [Server thread/INFO]: Cactus Growth Modifier: 100%
[18:00:26] [Server thread/INFO]: Cane Growth Modifier: 100%
[18:00:26] [Server thread/INFO]: Melon Growth Modifier: 100%
[18:00:26] [Server thread/INFO]: Mushroom Growth Modifier: 100%
[18:00:26] [Server thread/INFO]: Pumpkin Growth Modifier: 100%
[18:00:26] [Server thread/INFO]: Sapling Growth Modifier: 100%
[18:00:26] [Server thread/INFO]: Beetroot Growth Modifier: 100%
[18:00:26] [Server thread/INFO]: Carrot Growth Modifier: 100%
[18:00:26] [Server thread/INFO]: Potato Growth Modifier: 100%
[18:00:26] [Server thread/INFO]: Wheat Growth Modifier: 100%
[18:00:26] [Server thread/INFO]: NetherWart Growth Modifier: 100%
[18:00:26] [Server thread/INFO]: Vine Growth Modifier: 100%
[18:00:26] [Server thread/INFO]: Cocoa Growth Modifier: 100%
[18:00:26] [Server thread/INFO]: Bamboo Growth Modifier: 100%
[18:00:26] [Server thread/INFO]: SweetBerry Growth Modifier: 100%
[18:00:26] [Server thread/INFO]: Kelp Growth Modifier: 100%
[18:00:26] [Server thread/INFO]: Entity Tracking Range: Pl 48 / An 48 / Mo 48 / Mi 32 / Other 64
[18:00:26] [Server thread/INFO]: Entity Activation Range: An 32 / Mo 32 / Ra 48 / Mi 16 / Tiv true
[18:00:26] [Server thread/INFO]: Zombie Aggressive Towards Villager: true
[18:00:26] [Server thread/INFO]: Nerfing mobs spawned from spawners: false
[18:00:26] [Server thread/INFO]: Max TNT Explosions: 100
[18:00:26] [Server thread/INFO]: Tile Max Tick Time: 50ms Entity max Tick Time: 50ms
[18:00:26] [Server thread/INFO]: Custom Map Seeds:  Village: 10387312 Desert: 14357617 Igloo: 14357618 Jungle: 14357619 Swamp: 14357620 Monument: 10387313 Ocean: 14357621 Shipwreck: 165745295 End City: 10387313 Slime: 987234911
[18:00:26] [Server thread/INFO]: Hopper Transfer: 8 Hopper Check: 1 Hopper Amount: 1
[18:00:26] [Server thread/INFO]: -------- World Settings For [world_the_end] --------
[18:00:26] [Server thread/INFO]: View Distance: 10
[18:00:26] [Server thread/INFO]: Arrow Despawn Rate: 1200 Trident Respawn Rate:1200
[18:00:26] [Server thread/INFO]: Allow Zombie Pigmen to spawn from portal blocks: true
[18:00:26] [Server thread/INFO]: Item Merge Radius: 2.5
[18:00:26] [Server thread/INFO]: Item Despawn Rate: 6000
[18:00:26] [Server thread/INFO]: Mob Spawn Range: 8
[18:00:26] [Server thread/INFO]: Experience Merge Radius: 3.0
[18:00:26] [Server thread/INFO]: Cactus Growth Modifier: 100%
[18:00:26] [Server thread/INFO]: Cane Growth Modifier: 100%
[18:00:26] [Server thread/INFO]: Melon Growth Modifier: 100%
[18:00:26] [Server thread/INFO]: Mushroom Growth Modifier: 100%
[18:00:26] [Server thread/INFO]: Pumpkin Growth Modifier: 100%
[18:00:26] [Server thread/INFO]: Sapling Growth Modifier: 100%
[18:00:26] [Server thread/INFO]: Beetroot Growth Modifier: 100%
[18:00:26] [Server thread/INFO]: Carrot Growth Modifier: 100%
[18:00:26] [Server thread/INFO]: Potato Growth Modifier: 100%
[18:00:26] [Server thread/INFO]: Wheat Growth Modifier: 100%
[18:00:26] [Server thread/INFO]: NetherWart Growth Modifier: 100%
[18:00:26] [Server thread/INFO]: Vine Growth Modifier: 100%
[18:00:26] [Server thread/INFO]: Cocoa Growth Modifier: 100%
[18:00:26] [Server thread/INFO]: Bamboo Growth Modifier: 100%
[18:00:26] [Server thread/INFO]: SweetBerry Growth Modifier: 100%
[18:00:26] [Server thread/INFO]: Kelp Growth Modifier: 100%
[18:00:26] [Server thread/INFO]: Entity Tracking Range: Pl 48 / An 48 / Mo 48 / Mi 32 / Other 64
[18:00:26] [Server thread/INFO]: Entity Activation Range: An 32 / Mo 32 / Ra 48 / Mi 16 / Tiv true
[18:00:26] [Server thread/INFO]: Zombie Aggressive Towards Villager: true
[18:00:26] [Server thread/INFO]: Nerfing mobs spawned from spawners: false
[18:00:26] [Server thread/INFO]: Max TNT Explosions: 100
[18:00:26] [Server thread/INFO]: Tile Max Tick Time: 50ms Entity max Tick Time: 50ms
[18:00:26] [Server thread/INFO]: Custom Map Seeds:  Village: 10387312 Desert: 14357617 Igloo: 14357618 Jungle: 14357619 Swamp: 14357620 Monument: 10387313 Ocean: 14357621 Shipwreck: 165745295 End City: 10387313 Slime: 987234911
[18:00:26] [Server thread/INFO]: Hopper Transfer: 8 Hopper Check: 1 Hopper Amount: 1
[18:00:26] [Server thread/INFO]: Preparing start region for dimension 'world'/minecraft:overworld
[18:00:26] [Server thread/INFO]: Preparing spawn area: 0%
[18:00:26] [Server thread/INFO]: Preparing spawn area: 0%
[18:00:27] [Server thread/INFO]: Preparing spawn area: 0%
[18:00:27] [Server thread/INFO]: Preparing spawn area: 0%
[18:00:30] [Server-Worker-1/INFO]: Preparing spawn area: 0%
[18:00:30] [Server-Worker-1/INFO]: Preparing spawn area: 0%
[18:00:30] [Server-Worker-5/INFO]: Preparing spawn area: 0%
[18:00:30] [Server-Worker-6/INFO]: Preparing spawn area: 0%
[18:00:30] [Server-Worker-1/INFO]: Preparing spawn area: 0%
[18:00:30] [Server-Worker-1/INFO]: Preparing spawn area: 0%
[18:00:31] [Server thread/INFO]: Preparing spawn area: 24%
[18:00:31] [Server-Worker-6/INFO]: Preparing spawn area: 100%
[18:00:32] [Server-Worker-3/INFO]: Preparing spawn area: 100%
[18:00:32] [Server thread/INFO]: Preparing spawn area: 100%
[18:00:33] [Server-Worker-2/INFO]: Preparing spawn area: 100%
[18:00:33] [Server-Worker-1/INFO]: Preparing spawn area: 100%
[18:00:34] [Server thread/INFO]: Preparing spawn area: 100%
[18:00:34] [Server-Worker-6/INFO]: Preparing spawn area: 100%
[18:00:35] [Server-Worker-6/INFO]: Preparing spawn area: 100%
[18:00:35] [Server thread/INFO]: Preparing spawn area: 100%
[18:00:36] [Server thread/INFO]: Loaded 441 spawn chunks for world world
[18:00:36] [Server thread/INFO]: Time elapsed: 9958 ms
[18:00:36] [Server thread/INFO]: Preparing start region for dimension 'world_nether'/minecraft:the_nether
[18:00:36] [Server thread/INFO]: Preparing spawn area: 0%
[18:00:36] [Server-Worker-1/INFO]: Preparing spawn area: 49%
[18:00:37] [Server thread/INFO]: Preparing spawn area: 100%
[18:00:37] [Server thread/INFO]: Preparing spawn area: 100%
[18:00:38] [Server-Worker-5/INFO]: Preparing spawn area: 100%
[18:00:38] [Server-Worker-3/INFO]: Preparing spawn area: 100%
[18:00:39] [Server-Worker-3/INFO]: Preparing spawn area: 100%
[18:00:39] [Server thread/INFO]: Loaded 441 spawn chunks for world world_nether
[18:00:39] [Server thread/INFO]: Time elapsed: 3364 ms
[18:00:39] [Server thread/INFO]: Preparing start region for dimension 'world_the_end'/minecraft:the_end
[18:00:39] [Server thread/INFO]: Preparing spawn area: 0%
[18:00:40] [Server thread/INFO]: Preparing spawn area: 100%
[18:00:40] [Server-Worker-6/INFO]: Preparing spawn area: 100%
[18:00:41] [Server-Worker-5/INFO]: Preparing spawn area: 100%
[18:00:41] [Server thread/INFO]: Loaded 441 spawn chunks for world world_the_end
[18:00:41] [Server thread/INFO]: Time elapsed: 1775 ms
[18:00:41] [Server thread/INFO]: [AdvancedPortals] Enabling AdvancedPortals v0.5.2
[18:00:41] [Server thread/INFO]: [AdvancedPortals] Bukkit version detected v1_15_R1
[18:00:41] [Server thread/INFO]: [AdvancedPortals] BLOCK_PORTAL_TRAVEL found
[18:00:41] [Server thread/INFO]: Advanced portals have been successfully enabled!
[18:00:41] [Server thread/INFO]: Done (22.735s)! For help, type "help"
[18:00:41] [Server thread/INFO]: Timings Reset
[18:00:42] [User Authenticator #1/INFO]: UUID of player JeremyTrump is 5a732839-5da3-3938-885d-2681d24ef149
[18:00:42] [User Authenticator #2/INFO]: UUID of player JeremyTrump is 5a732839-5da3-3938-885d-2681d24ef149
[18:00:43] [Server thread/INFO]: JeremyTrump[/172.23.208.1:59456] logged in with entity id 118 at ([world]106.94059200247419, 64.0, -245.9911595331711)
[18:00:43] [Server thread/INFO]: JeremyTrump lost connection: You logged in from another location
[18:00:43] [Server thread/INFO]: JeremyTrump left the game
[18:00:43] [Server thread/INFO]: JeremyTrump[/172.23.208.1:59463] logged in with entity id 119 at ([world]106.94059200247419, 64.0, -245.9911595331711)
[18:00:43] [Server thread/WARN]: handleDisconnection() called twice
[18:00:43] [Server thread/INFO]: JeremyTrump lost connection: Disconnected
[18:00:43] [Server thread/INFO]: JeremyTrump left the game
[18:00:52] [User Authenticator #2/INFO]: UUID of player JeremyTrump is 5a732839-5da3-3938-885d-2681d24ef149
[18:00:52] [Server thread/INFO]: JeremyTrump[/172.23.208.1:59486] logged in with entity id 120 at ([world]106.94059200247419, 64.0, -245.9911595331711)
[18:01:14] [Server thread/INFO]: JeremyTrump issued server command: /portal list
[18:01:27] [Server thread/INFO]: JeremyTrump lost connection: Disconnected
[18:01:27] [Server thread/INFO]: JeremyTrump left the game
[18:29:26] [Server thread/INFO]: Stopping the server
[18:29:26] [Server thread/INFO]: Stopping server
[18:29:26] [Server thread/INFO]: [AdvancedPortals] Disabling AdvancedPortals v0.5.2
[18:29:26] [Server thread/INFO]: Advanced portals are being disabled!
[18:29:26] [Server thread/INFO]: Saving players
[18:29:26] [Server thread/INFO]: Saving worlds
[18:29:26] [Server thread/INFO]: Saving chunks for level 'world'/minecraft:overworld
[18:29:26] [Server thread/INFO]: ThreadedAnvilChunkStorage (world): All chunks are saved
[18:29:26] [Server thread/INFO]: Saving chunks for level 'world_nether'/minecraft:the_nether
[18:29:26] [Server thread/INFO]: ThreadedAnvilChunkStorage (DIM-1): All chunks are saved
[18:29:26] [Server thread/INFO]: Saving chunks for level 'world_the_end'/minecraft:the_end
[18:29:26] [Server thread/INFO]: ThreadedAnvilChunkStorage (DIM1): All chunks are saved
[18:29:26] [Server thread/INFO]: ThreadedAnvilChunkStorage (world): All chunks are saved
[18:29:27] [Server thread/INFO]: ThreadedAnvilChunkStorage (DIM-1): All chunks are saved
[18:29:27] [Server thread/INFO]: ThreadedAnvilChunkStorage (DIM1): All chunks are saved
