2020-04-21 17:51:11 [INFO] Starting minecraft server version 1.2.5
2020-04-21 17:51:11 [INFO] Loading properties
2020-04-21 17:51:11 [WARNING] server.properties does not exist
2020-04-21 17:51:11 [INFO] Generating new properties file
2020-04-21 17:51:11 [INFO] Starting Minecraft server on *:25565
2020-04-21 17:51:11 [WARNING] Failed to load ban list: java.io.FileNotFoundException: banned-players.txt (The system cannot find the file specified)
2020-04-21 17:51:11 [WARNING] Failed to load ip ban list: java.io.FileNotFoundException: banned-ips.txt (The system cannot find the file specified)
2020-04-21 17:51:11 [WARNING] Failed to load operators list: java.io.FileNotFoundException: ops.txt (The system cannot find the file specified)
2020-04-21 17:51:11 [WARNING] Failed to load white-list: java.io.FileNotFoundException: white-list.txt (The system cannot find the file specified)
2020-04-21 17:51:11 [INFO] Preparing level "world"
2020-04-21 17:51:11 [INFO] Default game type: 0
2020-04-21 17:51:11 [INFO] Preparing start region for level 0
2020-04-21 17:51:12 [INFO] Preparing spawn area: 16%
2020-04-21 17:51:13 [INFO] Preparing spawn area: 32%
2020-04-21 17:51:14 [INFO] Preparing spawn area: 52%
2020-04-21 17:51:15 [INFO] Preparing spawn area: 73%
2020-04-21 17:51:16 [INFO] Preparing spawn area: 93%
2020-04-21 17:51:16 [INFO] Done (5.497s)! For help, type "help" or "?"
2020-04-21 17:51:19 [INFO] Stopping server
2020-04-21 17:51:19 [INFO] Saving chunks
2020-04-21 17:51:27 [INFO] Saving chunks
2020-04-21 17:51:27 [INFO] Saving chunks
2020-04-21 17:51:59 [INFO] Starting minecraft server version 1.2.5
2020-04-21 17:51:59 [INFO] Loading properties
2020-04-21 17:51:59 [INFO] Starting Minecraft server on *:25565
2020-04-21 17:51:59 [WARNING] **** SERVER IS RUNNING IN OFFLINE/INSECURE MODE!
2020-04-21 17:51:59 [WARNING] The server will make no attempt to authenticate usernames. Beware.
2020-04-21 17:51:59 [WARNING] While this makes the game possible to play without internet access, it also opens up the ability for hackers to connect with any username they choose.
2020-04-21 17:51:59 [WARNING] To change this, set "online-mode" to "true" in the server.settings file.
2020-04-21 17:51:59 [INFO] Preparing level "world"
2020-04-21 17:51:59 [INFO] Default game type: 0
2020-04-21 17:51:59 [INFO] Preparing start region for level 0
2020-04-21 17:52:00 [INFO] Preparing spawn area: 16%
2020-04-21 17:52:01 [INFO] Preparing spawn area: 44%
2020-04-21 17:52:02 [INFO] Preparing spawn area: 77%
2020-04-21 17:52:03 [INFO] Done (4.003s)! For help, type "help" or "?"
2020-04-21 17:52:19 [INFO] CONSOLE: Stopping the server..
2020-04-21 17:52:19 [INFO] Stopping server
2020-04-21 17:52:19 [INFO] Saving chunks
2020-04-21 17:52:24 [INFO] Saving chunks
2020-04-21 17:52:24 [INFO] Saving chunks
2020-04-21 17:52:26 [INFO] Starting minecraft server version 1.2.5
2020-04-21 17:52:26 [INFO] Loading properties
2020-04-21 17:52:26 [INFO] Starting Minecraft server on *:25565
2020-04-21 17:52:27 [WARNING] **** SERVER IS RUNNING IN OFFLINE/INSECURE MODE!
2020-04-21 17:52:27 [WARNING] The server will make no attempt to authenticate usernames. Beware.
2020-04-21 17:52:27 [WARNING] While this makes the game possible to play without internet access, it also opens up the ability for hackers to connect with any username they choose.
2020-04-21 17:52:27 [WARNING] To change this, set "online-mode" to "true" in the server.settings file.
2020-04-21 17:52:27 [INFO] Preparing level "world"
2020-04-21 17:52:27 [INFO] Default game type: 0
2020-04-21 17:52:27 [INFO] Preparing start region for level 0
2020-04-21 17:52:27 [INFO] Done (0.594s)! For help, type "help" or "?"
2020-04-21 17:52:31 [INFO] Player [/127.0.0.1:54255] logged in with entity id 120 at (-7.5, 64.62000000476837, 2.5)
2020-04-21 17:52:47 [INFO] CONSOLE: Opping Player
2020-04-21 17:53:02 [INFO] Player issued server command: ban
2020-04-21 17:53:02 [INFO] Player: Banning 
2020-04-21 17:53:09 [INFO] Player issued server command: difficulty peaceful
2020-04-21 17:53:09 [INFO] Unknown console command. Type "help" for help.
2020-04-21 17:53:57 [INFO] Player lost connection: disconnect.quitting
2020-04-21 17:54:09 [INFO] Stopping server
2020-04-21 17:54:09 [INFO] Saving chunks
2020-04-21 17:54:09 [INFO] Saving chunks
2020-04-21 17:54:09 [INFO] Saving chunks
2020-04-21 17:54:25 [INFO] Starting minecraft server version 1.2.5
2020-04-21 17:54:25 [INFO] Loading properties
2020-04-21 17:54:25 [INFO] Starting Minecraft server on *:25565
2020-04-21 17:54:25 [WARNING] **** SERVER IS RUNNING IN OFFLINE/INSECURE MODE!
2020-04-21 17:54:25 [WARNING] The server will make no attempt to authenticate usernames. Beware.
2020-04-21 17:54:25 [WARNING] While this makes the game possible to play without internet access, it also opens up the ability for hackers to connect with any username they choose.
2020-04-21 17:54:25 [WARNING] To change this, set "online-mode" to "true" in the server.settings file.
2020-04-21 17:54:25 [INFO] Preparing level "world"
2020-04-21 17:54:25 [INFO] Default game type: 0
2020-04-21 17:54:25 [INFO] Preparing start region for level 0
2020-04-21 17:54:26 [INFO] Preparing spawn area: 12%
2020-04-21 17:54:27 [INFO] Preparing spawn area: 32%
2020-04-21 17:54:28 [INFO] Preparing spawn area: 57%
2020-04-21 17:54:29 [INFO] Preparing spawn area: 85%
2020-04-21 17:54:30 [INFO] Done (4.954s)! For help, type "help" or "?"
2020-04-21 17:54:30 [INFO] /127.0.0.1:54275 lost connection
2020-04-21 17:54:31 [INFO] Player [/127.0.0.1:54290] logged in with entity id 179 at (-165.5, 65.62000000476837, 244.5)
2020-04-21 17:54:39 [INFO] CONSOLE: Opping Player
2020-04-21 17:55:36 [INFO] Unknown console command. Type "help" for help.
2020-04-21 17:55:48 [INFO] Can't find user creative
2020-04-21 17:56:02 [INFO] There's no game mode with id creative
2020-04-21 17:56:09 [INFO] CONSOLE: Player already has game mode 0
2020-04-21 17:56:17 [INFO] CONSOLE: Setting Player to game mode 1
2020-04-21 17:58:33 [INFO] Player issued server command: gamemode Player 0
2020-04-21 17:58:33 [INFO] Player: Setting Player to game mode 0
2020-04-21 17:59:31 [INFO] Player issued server command: gamemode Player 1
2020-04-21 17:59:31 [INFO] Player: Setting Player to game mode 1
2020-04-21 18:00:45 [INFO] Player issued server command: gamemode Player 0
2020-04-21 18:00:45 [INFO] Player: Setting Player to game mode 0
2020-04-21 18:02:08 [INFO] Player issued server command: gamemode Player 1
2020-04-21 18:02:08 [INFO] Player: Setting Player to game mode 1
2020-04-21 18:03:45 [INFO] Player issued server command: gamemode Player 0
2020-04-21 18:03:45 [INFO] Player: Setting Player to game mode 0
2020-04-21 18:03:54 [INFO] Player issued server command: gamemode Player 1
2020-04-21 18:03:54 [INFO] Player: Setting Player to game mode 1
2020-04-21 18:05:14 [WARNING] Can't keep up! Did the system time change, or is the server overloaded?
2020-04-21 18:05:16 [WARNING] Can't keep up! Did the system time change, or is the server overloaded?
2020-04-21 18:05:25 [INFO] Player lost connection: disconnect.quitting
2020-04-21 18:05:33 [INFO] Player [/127.0.0.1:54340] logged in with entity id 144553 at (-12.358046430211337, 76.0, 32.69999998807907)
2020-04-21 18:10:49 [INFO] Player issued server command: stop
2020-04-21 18:10:49 [INFO] Player: Stopping the server..
2020-04-21 18:10:49 [INFO] Stopping server
2020-04-21 18:10:49 [INFO] Saving chunks
2020-04-21 18:10:50 [INFO] Saving chunks
2020-04-21 18:10:50 [INFO] Saving chunks
