[13:41:21] [Server thread/INFO]: Starting minecraft server version 1.15.2
[13:41:21] [Server console handler/ERROR]: [TerminalConsole] Failed to read console input
java.io.IOException: The handle is invalid
	at java.io.FileInputStream.readBytes(Native Method) ~[?:?]
	at java.io.FileInputStream.read(FileInputStream.java:279) ~[?:?]
	at java.io.BufferedInputStream.read1(BufferedInputStream.java:290) ~[?:?]
	at java.io.BufferedInputStream.read(BufferedInputStream.java:351) ~[?:?]
	at sun.nio.cs.StreamDecoder.readBytes(StreamDecoder.java:284) ~[?:?]
	at sun.nio.cs.StreamDecoder.implRead(StreamDecoder.java:326) ~[?:?]
	at sun.nio.cs.StreamDecoder.read(StreamDecoder.java:178) ~[?:?]
	at java.io.InputStreamReader.read(InputStreamReader.java:185) ~[?:?]
	at java.io.BufferedReader.fill(BufferedReader.java:161) ~[?:?]
	at java.io.BufferedReader.readLine(BufferedReader.java:326) ~[?:?]
	at java.io.BufferedReader.readLine(BufferedReader.java:392) ~[?:?]
	at net.minecrell.terminalconsole.SimpleTerminalConsole.readCommands(SimpleTerminalConsole.java:180) ~[patched_1.15.2.jar:git-Paper-280]
	at net.minecrell.terminalconsole.SimpleTerminalConsole.start(SimpleTerminalConsole.java:143) ~[patched_1.15.2.jar:git-Paper-280]
	at net.minecraft.server.v1_15_R1.DedicatedServer$2.run(DedicatedServer.java:90) ~[patched_1.15.2.jar:git-Paper-280]
	Suppressed: java.io.IOException: The handle is invalid
		at java.io.FileDescriptor.close0(Native Method) ~[?:?]
		at java.io.FileDescriptor.close(FileDescriptor.java:297) ~[?:?]
		at java.io.FileInputStream$1.close(FileInputStream.java:375) ~[?:?]
		at java.io.FileDescriptor.closeAll(FileDescriptor.java:355) ~[?:?]
		at java.io.FileInputStream.close(FileInputStream.java:373) ~[?:?]
		at java.io.BufferedInputStream.close(BufferedInputStream.java:489) ~[?:?]
		at sun.nio.cs.StreamDecoder.implClose(StreamDecoder.java:378) ~[?:?]
		at sun.nio.cs.StreamDecoder.close(StreamDecoder.java:193) ~[?:?]
		at java.io.InputStreamReader.close(InputStreamReader.java:200) ~[?:?]
		at java.io.BufferedReader.close(BufferedReader.java:528) ~[?:?]
		at net.minecrell.terminalconsole.SimpleTerminalConsole.readCommands(SimpleTerminalConsole.java:183) ~[patched_1.15.2.jar:git-Paper-280]
		at net.minecrell.terminalconsole.SimpleTerminalConsole.start(SimpleTerminalConsole.java:143) ~[patched_1.15.2.jar:git-Paper-280]
		at net.minecraft.server.v1_15_R1.DedicatedServer$2.run(DedicatedServer.java:90) ~[patched_1.15.2.jar:git-Paper-280]
[13:41:21] [Server thread/INFO]: Loading properties
[13:41:22] [Server thread/INFO]: This server is running Paper version git-Paper-280 (MC: 1.15.2) (Implementing API version 1.15.2-R0.1-SNAPSHOT)
[13:41:22] [Server thread/INFO]: Debug logging is disabled
[13:41:22] [Server thread/INFO]: Server Ping Player Sample Count: 12
[13:41:22] [Server thread/INFO]: Using 4 threads for Netty based IO
[13:41:22] [Server thread/INFO]: Default game type: SURVIVAL
[13:41:22] [Server thread/INFO]: Generating keypair
[13:41:22] [Server thread/INFO]: Starting Minecraft server on *:25565
[13:41:22] [Server thread/INFO]: Using default channel type
[13:41:24] [Server thread/INFO]: [mcMMO] Loading mcMMO v2.1.129-SNAPSHOT
[13:41:24] [Server thread/INFO]: Server permissions file permissions.yml is empty, ignoring it
[13:41:24] [Server thread/WARN]: **** SERVER IS RUNNING IN OFFLINE/INSECURE MODE!
[13:41:24] [Server thread/WARN]: The server will make no attempt to authenticate usernames. Beware.
[13:41:24] [Server thread/WARN]: While this makes the game possible to play without internet access, it also opens up the ability for hackers to connect with any username they choose.
[13:41:24] [Server thread/WARN]: To change this, set "online-mode" to "true" in the server.properties file.
[13:41:24] [Server thread/INFO]: Preparing level "world"
[13:41:24] [Server thread/INFO]: Reloading ResourceManager: Default, bukkit
[13:41:29] [Server thread/INFO]: Loaded 6 recipes
[13:41:29] [Server thread/INFO]: -------- World Settings For [world] --------
[13:41:29] [Server thread/INFO]: View Distance: 10
[13:41:29] [Server thread/INFO]: Item Despawn Rate: 6000
[13:41:29] [Server thread/INFO]: Item Merge Radius: 2.5
[13:41:29] [Server thread/INFO]: Nerfing mobs spawned from spawners: false
[13:41:29] [Server thread/INFO]: Allow Zombie Pigmen to spawn from portal blocks: true
[13:41:29] [Server thread/INFO]: Arrow Despawn Rate: 1200 Trident Respawn Rate:1200
[13:41:29] [Server thread/INFO]: Mob Spawn Range: 8
[13:41:29] [Server thread/INFO]: Cactus Growth Modifier: 100%
[13:41:29] [Server thread/INFO]: Cane Growth Modifier: 100%
[13:41:29] [Server thread/INFO]: Melon Growth Modifier: 100%
[13:41:29] [Server thread/INFO]: Mushroom Growth Modifier: 100%
[13:41:29] [Server thread/INFO]: Pumpkin Growth Modifier: 100%
[13:41:29] [Server thread/INFO]: Sapling Growth Modifier: 100%
[13:41:29] [Server thread/INFO]: Beetroot Growth Modifier: 100%
[13:41:29] [Server thread/INFO]: Carrot Growth Modifier: 100%
[13:41:29] [Server thread/INFO]: Potato Growth Modifier: 100%
[13:41:29] [Server thread/INFO]: Wheat Growth Modifier: 100%
[13:41:29] [Server thread/INFO]: NetherWart Growth Modifier: 100%
[13:41:29] [Server thread/INFO]: Vine Growth Modifier: 100%
[13:41:29] [Server thread/INFO]: Cocoa Growth Modifier: 100%
[13:41:29] [Server thread/INFO]: Bamboo Growth Modifier: 100%
[13:41:29] [Server thread/INFO]: SweetBerry Growth Modifier: 100%
[13:41:29] [Server thread/INFO]: Kelp Growth Modifier: 100%
[13:41:29] [Server thread/INFO]: Entity Activation Range: An 32 / Mo 32 / Ra 48 / Mi 16 / Tiv true
[13:41:29] [Server thread/INFO]: Experience Merge Radius: 3.0
[13:41:29] [Server thread/INFO]: Entity Tracking Range: Pl 48 / An 48 / Mo 48 / Mi 32 / Other 64
[13:41:29] [Server thread/INFO]: Hopper Transfer: 8 Hopper Check: 1 Hopper Amount: 1
[13:41:29] [Server thread/INFO]: Custom Map Seeds:  Village: 10387312 Desert: 14357617 Igloo: 14357618 Jungle: 14357619 Swamp: 14357620 Monument: 10387313 Ocean: 14357621 Shipwreck: 165745295 End City: 10387313 Slime: 987234911
[13:41:29] [Server thread/INFO]: Max TNT Explosions: 100
[13:41:29] [Server thread/INFO]: Tile Max Tick Time: 50ms Entity max Tick Time: 50ms
[13:41:29] [Server thread/INFO]: Zombie Aggressive Towards Villager: true
[13:41:29] [Server thread/INFO]: -------- World Settings For [world_nether] --------
[13:41:29] [Server thread/INFO]: View Distance: 10
[13:41:29] [Server thread/INFO]: Item Despawn Rate: 6000
[13:41:29] [Server thread/INFO]: Item Merge Radius: 2.5
[13:41:29] [Server thread/INFO]: Nerfing mobs spawned from spawners: false
[13:41:29] [Server thread/INFO]: Allow Zombie Pigmen to spawn from portal blocks: true
[13:41:29] [Server thread/INFO]: Arrow Despawn Rate: 1200 Trident Respawn Rate:1200
[13:41:29] [Server thread/INFO]: Mob Spawn Range: 8
[13:41:29] [Server thread/INFO]: Cactus Growth Modifier: 100%
[13:41:29] [Server thread/INFO]: Cane Growth Modifier: 100%
[13:41:29] [Server thread/INFO]: Melon Growth Modifier: 100%
[13:41:29] [Server thread/INFO]: Mushroom Growth Modifier: 100%
[13:41:29] [Server thread/INFO]: Pumpkin Growth Modifier: 100%
[13:41:29] [Server thread/INFO]: Sapling Growth Modifier: 100%
[13:41:29] [Server thread/INFO]: Beetroot Growth Modifier: 100%
[13:41:29] [Server thread/INFO]: Carrot Growth Modifier: 100%
[13:41:29] [Server thread/INFO]: Potato Growth Modifier: 100%
[13:41:29] [Server thread/INFO]: Wheat Growth Modifier: 100%
[13:41:29] [Server thread/INFO]: NetherWart Growth Modifier: 100%
[13:41:29] [Server thread/INFO]: Vine Growth Modifier: 100%
[13:41:29] [Server thread/INFO]: Cocoa Growth Modifier: 100%
[13:41:29] [Server thread/INFO]: Bamboo Growth Modifier: 100%
[13:41:29] [Server thread/INFO]: SweetBerry Growth Modifier: 100%
[13:41:29] [Server thread/INFO]: Kelp Growth Modifier: 100%
[13:41:29] [Server thread/INFO]: Entity Activation Range: An 32 / Mo 32 / Ra 48 / Mi 16 / Tiv true
[13:41:29] [Server thread/INFO]: Experience Merge Radius: 3.0
[13:41:29] [Server thread/INFO]: Entity Tracking Range: Pl 48 / An 48 / Mo 48 / Mi 32 / Other 64
[13:41:29] [Server thread/INFO]: Hopper Transfer: 8 Hopper Check: 1 Hopper Amount: 1
[13:41:29] [Server thread/INFO]: Custom Map Seeds:  Village: 10387312 Desert: 14357617 Igloo: 14357618 Jungle: 14357619 Swamp: 14357620 Monument: 10387313 Ocean: 14357621 Shipwreck: 165745295 End City: 10387313 Slime: 987234911
[13:41:29] [Server thread/INFO]: Max TNT Explosions: 100
[13:41:29] [Server thread/INFO]: Tile Max Tick Time: 50ms Entity max Tick Time: 50ms
[13:41:29] [Server thread/INFO]: Zombie Aggressive Towards Villager: true
[13:41:29] [Server thread/INFO]: -------- World Settings For [world_the_end] --------
[13:41:29] [Server thread/INFO]: View Distance: 10
[13:41:29] [Server thread/INFO]: Item Despawn Rate: 6000
[13:41:29] [Server thread/INFO]: Item Merge Radius: 2.5
[13:41:29] [Server thread/INFO]: Nerfing mobs spawned from spawners: false
[13:41:29] [Server thread/INFO]: Allow Zombie Pigmen to spawn from portal blocks: true
[13:41:29] [Server thread/INFO]: Arrow Despawn Rate: 1200 Trident Respawn Rate:1200
[13:41:29] [Server thread/INFO]: Mob Spawn Range: 8
[13:41:29] [Server thread/INFO]: Cactus Growth Modifier: 100%
[13:41:29] [Server thread/INFO]: Cane Growth Modifier: 100%
[13:41:29] [Server thread/INFO]: Melon Growth Modifier: 100%
[13:41:29] [Server thread/INFO]: Mushroom Growth Modifier: 100%
[13:41:29] [Server thread/INFO]: Pumpkin Growth Modifier: 100%
[13:41:29] [Server thread/INFO]: Sapling Growth Modifier: 100%
[13:41:29] [Server thread/INFO]: Beetroot Growth Modifier: 100%
[13:41:29] [Server thread/INFO]: Carrot Growth Modifier: 100%
[13:41:29] [Server thread/INFO]: Potato Growth Modifier: 100%
[13:41:29] [Server thread/INFO]: Wheat Growth Modifier: 100%
[13:41:29] [Server thread/INFO]: NetherWart Growth Modifier: 100%
[13:41:29] [Server thread/INFO]: Vine Growth Modifier: 100%
[13:41:29] [Server thread/INFO]: Cocoa Growth Modifier: 100%
[13:41:29] [Server thread/INFO]: Bamboo Growth Modifier: 100%
[13:41:29] [Server thread/INFO]: SweetBerry Growth Modifier: 100%
[13:41:29] [Server thread/INFO]: Kelp Growth Modifier: 100%
[13:41:29] [Server thread/INFO]: Entity Activation Range: An 32 / Mo 32 / Ra 48 / Mi 16 / Tiv true
[13:41:29] [Server thread/INFO]: Experience Merge Radius: 3.0
[13:41:29] [Server thread/INFO]: Entity Tracking Range: Pl 48 / An 48 / Mo 48 / Mi 32 / Other 64
[13:41:29] [Server thread/INFO]: Hopper Transfer: 8 Hopper Check: 1 Hopper Amount: 1
[13:41:29] [Server thread/INFO]: Custom Map Seeds:  Village: 10387312 Desert: 14357617 Igloo: 14357618 Jungle: 14357619 Swamp: 14357620 Monument: 10387313 Ocean: 14357621 Shipwreck: 165745295 End City: 10387313 Slime: 987234911
[13:41:29] [Server thread/INFO]: Max TNT Explosions: 100
[13:41:29] [Server thread/INFO]: Tile Max Tick Time: 50ms Entity max Tick Time: 50ms
[13:41:29] [Server thread/INFO]: Zombie Aggressive Towards Villager: true
[13:41:29] [Server thread/INFO]: Preparing start region for dimension 'world'/minecraft:overworld
[13:41:29] [Paper RegionFile IO Thread/INFO]: [RegionFile] Using Java 9+ invokeCleaner DirectByteBuffer cleanup method
[13:41:29] [Server thread/INFO]: Loaded 0 spawn chunks for world world
[13:41:29] [Server thread/INFO]: Time elapsed: 175 ms
[13:41:29] [Server thread/INFO]: Preparing start region for dimension 'world_nether'/minecraft:the_nether
[13:41:30] [Server thread/INFO]: Loaded 0 spawn chunks for world world_nether
[13:41:30] [Server thread/INFO]: Time elapsed: 140 ms
[13:41:30] [Server thread/INFO]: Preparing start region for dimension 'world_the_end'/minecraft:the_end
[13:41:30] [Server thread/INFO]: Loaded 0 spawn chunks for world world_the_end
[13:41:30] [Server thread/INFO]: Time elapsed: 60 ms
[13:41:30] [Server thread/INFO]: [mcMMO] Enabling mcMMO v2.1.129-SNAPSHOT
[13:41:30] [Server thread/INFO]: [mcMMO] Platform String: 1.15.2-R0.1-SNAPSHOT
[13:41:30] [Server thread/INFO]: [mcMMO] Minecraft version determined to be - 1.15.2
[13:41:30] [Server thread/INFO]: [mcMMO] Loading compatibility layers...
[13:41:30] [Server thread/INFO]: [mcMMO] Loading Compatibility Layer... (Player Attack Cooldown Exploit Prevention)
[13:41:30] [Server thread/INFO]: [mcMMO] Successfully Loaded Compatibility Layer! (Player Attack Cooldown Exploit Prevention)
[13:41:30] [Server thread/INFO]: [mcMMO] Finished loading compatibility layers.
[13:41:30] [Server thread/INFO]: [mcMMO] mcMMO found the following materials in the Repair config that are not supported by the version of Minecraft running on this server: NETHERITE_HELMET, NETHERITE_PICKAXE, NETHERITE_CHESTPLATE, NETHERITE_AXE, NETHERITE_HOE, NETHERITE_SWORD, NETHERITE_SHOVEL, NETHERITE_LEGGINGS, NETHERITE_BOOTS
[13:41:30] [Server thread/INFO]: [mcMMO] Items using materials that are not supported will simply be skipped.
[13:41:31] [Server thread/INFO]: [mcMMO] mcMMO found the following materials in the Salvage config that are not supported by the version of Minecraft running on this server: NETHERITE_HELMET, NETHERITE_PICKAXE, NETHERITE_CHESTPLATE, NETHERITE_AXE, NETHERITE_HOE, NETHERITE_SWORD, NETHERITE_SHOVEL, NETHERITE_LEGGINGS, NETHERITE_BOOTS
[13:41:31] [Server thread/INFO]: [mcMMO] Items using materials that are not supported will simply be skipped.
[13:41:31] [Server thread/INFO]: [mcMMO] Enabling Acrobatics Skills
[13:41:31] [Server thread/INFO]: [mcMMO] Registered subskill: Roll
[13:41:31] [Server thread/INFO]: [mcMMO] 0 entries in mcMMO World Blacklist
[13:41:31] [Server thread/INFO]: Running delayed init tasks
[13:41:31] [Server thread/INFO]: Done (9.968s)! For help, type "help"
[13:41:31] [Server thread/INFO]: Timings Reset
[13:41:54] [Server thread/INFO]: [mcMMO] WorldGuard was not detected.
[13:47:13] [User Authenticator #1/INFO]: UUID of player JeremyTrump is 5a732839-5da3-3938-885d-2681d24ef149
[13:47:13] [Server thread/INFO]: JeremyTrump joined the game
[13:47:13] [Server thread/INFO]: JeremyTrump[/127.0.0.1:53446] logged in with entity id 236 at ([world]67.5, 69.0, 41.5)
[13:47:34] [Server thread/INFO]: The difficulty has been set to Peaceful
[13:47:57] [Server thread/INFO]: Made JeremyTrump a server operator
[13:49:58] [Server thread/INFO]: JeremyTrump issued server command: /mcinfo
[13:52:43] [Server thread/INFO]: JeremyTrump has made the advancement [Stone Age]
[13:53:45] [Server thread/INFO]: JeremyTrump issued server command: /mcability
[13:53:47] [Server thread/INFO]: JeremyTrump issued server command: /mcability
[13:55:29] [Server thread/INFO]: JeremyTrump has made the advancement [Getting an Upgrade]
[13:59:19] [Server thread/INFO]: JeremyTrump has made the advancement [Acquire Hardware]
[14:00:41] [Server thread/INFO]: JeremyTrump has made the advancement [Isn't It Iron Pick]
[14:01:58] [Server thread/INFO]: JeremyTrump issued server command: /locate Stronghold
[14:03:25] [Server thread/INFO]: JeremyTrump issued server command: /stop
[14:03:25] [Server thread/INFO]: [JeremyTrump: Stopping the server]
[14:03:25] [Server thread/INFO]: Stopping server
[14:03:25] [Server thread/INFO]: [mcMMO] Disabling mcMMO v2.1.129-SNAPSHOT
[14:03:25] [Server thread/INFO]: [mcMMO] Saving mcMMOPlayers... (1)
[14:03:25] [Server thread/INFO]: [mcMMO] Saving data for player: JeremyTrump
[14:03:25] [Server thread/INFO]: [mcMMO] Finished save operation for 1 players!
[14:03:25] [Server thread/INFO]: Saving players
[14:03:25] [Server thread/INFO]: JeremyTrump lost connection: Server closed
[14:03:25] [Server thread/INFO]: JeremyTrump left the game
[14:03:25] [Server thread/INFO]: Saving worlds
[14:03:25] [Server thread/INFO]: Saving chunks for level 'world'/minecraft:overworld
[14:03:26] [Server thread/INFO]: ThreadedAnvilChunkStorage (world): All chunks are saved
[14:03:26] [Server thread/INFO]: Saving chunks for level 'world_nether'/minecraft:the_nether
[14:03:26] [Server thread/INFO]: ThreadedAnvilChunkStorage (DIM-1): All chunks are saved
[14:03:26] [Server thread/INFO]: Saving chunks for level 'world_the_end'/minecraft:the_end
[14:03:26] [Server thread/INFO]: ThreadedAnvilChunkStorage (DIM1): All chunks are saved
[14:03:26] [Server thread/INFO]: ThreadedAnvilChunkStorage (world): All chunks are saved
[14:03:27] [Server thread/INFO]: ThreadedAnvilChunkStorage (DIM-1): All chunks are saved
[14:03:28] [Server thread/INFO]: ThreadedAnvilChunkStorage (DIM1): All chunks are saved
[14:03:28] [Server thread/INFO]: Flushing Chunk IO
[14:03:28] [Server thread/INFO]: Closing Thread Pool
[14:03:28] [Server thread/INFO]: Closing Server
